org.apache.ibatis.logging.jdbc.BaseJdbcLogger ==>  Preparing: SELECT * FROM people WHERE id=?  159 
org.apache.ibatis.logging.jdbc.BaseJdbcLogger ==> Parameters: 1(Integer) 159 
org.apache.ibatis.logging.jdbc.BaseJdbcLogger <==      Total: 1 159 
org.apache.ibatis.logging.jdbc.BaseJdbcLogger ==>  Preparing: SELECT * FROM people WHERE id=1  159 
org.apache.ibatis.logging.jdbc.BaseJdbcLogger ==> Parameters:  159 
org.apache.ibatis.logging.jdbc.BaseJdbcLogger <==      Total: 1 159 
org.apache.ibatis.logging.jdbc.BaseJdbcLogger ==>  Preparing: SELECT * FROM people WHERE id=?  159 
org.apache.ibatis.logging.jdbc.BaseJdbcLogger ==> Parameters: 1(Integer) 159 
org.apache.ibatis.logging.jdbc.BaseJdbcLogger <==      Total: 1 159 
org.apache.ibatis.logging.jdbc.BaseJdbcLogger ==>  Preparing: SELECT * FROM people WHERE id=?  159 
org.apache.ibatis.logging.jdbc.BaseJdbcLogger ==> Parameters: 2(Integer) 159 
org.apache.ibatis.logging.jdbc.BaseJdbcLogger <==      Total: 1 159 
org.apache.ibatis.logging.jdbc.BaseJdbcLogger ==>  Preparing: SELECT * FROM people WHERE id=?  159 
org.apache.ibatis.logging.jdbc.BaseJdbcLogger ==> Parameters: 1(Integer) 159 
org.apache.ibatis.logging.jdbc.BaseJdbcLogger <==      Total: 1 159 
org.apache.ibatis.logging.jdbc.BaseJdbcLogger ==>  Preparing: SELECT * FROM people WHERE id=? AND name=?  159 
org.apache.ibatis.logging.jdbc.BaseJdbcLogger ==> Parameters: 1(Integer), 1(Integer) 159 
org.apache.ibatis.logging.jdbc.BaseJdbcLogger <==      Total: 0 159 
org.apache.ibatis.logging.jdbc.BaseJdbcLogger ==>  Preparing: SELECT * FROM people WHERE id=? AND name=?  159 
org.apache.ibatis.logging.jdbc.BaseJdbcLogger ==> Parameters: 1(Integer), 刘德华(String) 159 
org.apache.ibatis.logging.jdbc.BaseJdbcLogger <==      Total: 1 159 
org.apache.ibatis.logging.jdbc.BaseJdbcLogger ==>  Preparing: SELECT * FROM `people`  159 
org.apache.ibatis.logging.jdbc.BaseJdbcLogger ==> Parameters:  159 
org.apache.ibatis.logging.jdbc.BaseJdbcLogger <==      Total: 2 159 
org.apache.ibatis.logging.jdbc.BaseJdbcLogger ==>  Preparing: SELECT * FROM `people`  159 
org.apache.ibatis.logging.jdbc.BaseJdbcLogger ==> Parameters:  159 
org.apache.ibatis.logging.jdbc.BaseJdbcLogger <==      Total: 2 159 
org.apache.ibatis.logging.jdbc.BaseJdbcLogger ==>  Preparing: SELECT * FROM people WHERE id=  159 
org.apache.ibatis.logging.jdbc.BaseJdbcLogger ==> Parameters:  159 
org.apache.ibatis.logging.jdbc.BaseJdbcLogger ==>  Preparing: SELECT * FROM people WHERE id=1  159 
org.apache.ibatis.logging.jdbc.BaseJdbcLogger ==> Parameters:  159 
org.apache.ibatis.logging.jdbc.BaseJdbcLogger <==      Total: 1 159 
org.apache.ibatis.logging.jdbc.BaseJdbcLogger ==>  Preparing: SELECT * FROM people WHERE id=1  159 
org.apache.ibatis.logging.jdbc.BaseJdbcLogger ==> Parameters:  159 
org.apache.ibatis.logging.jdbc.BaseJdbcLogger <==      Total: 1 159 
org.apache.ibatis.logging.jdbc.BaseJdbcLogger ==>  Preparing: SELECT * FROM people WHERE id=? AND name=?  159 
org.apache.ibatis.logging.jdbc.BaseJdbcLogger ==> Parameters: 1(Integer), 刘德华(String) 159 
org.apache.ibatis.logging.jdbc.BaseJdbcLogger <==      Total: 1 159 
org.apache.ibatis.logging.jdbc.BaseJdbcLogger ==>  Preparing: SELECT * FROM people LIMIT ?, ?  159 
org.apache.ibatis.logging.jdbc.BaseJdbcLogger ==> Parameters: 0(Integer), 1(Integer) 159 
org.apache.ibatis.logging.jdbc.BaseJdbcLogger <==      Total: 1 159 
org.apache.ibatis.logging.jdbc.BaseJdbcLogger ==>  Preparing: SELECT * FROM people LIMIT ?, ?  159 
org.apache.ibatis.logging.jdbc.BaseJdbcLogger ==> Parameters: 1(Integer), 1(Integer) 159 
org.apache.ibatis.logging.jdbc.BaseJdbcLogger <==      Total: 1 159 
org.apache.ibatis.logging.jdbc.BaseJdbcLogger ==>  Preparing: SELECT * FROM people LIMIT ?, ?  159 
org.apache.ibatis.logging.jdbc.BaseJdbcLogger ==> Parameters: 1(Integer), 1(Integer) 159 
org.apache.ibatis.logging.jdbc.BaseJdbcLogger <==      Total: 1 159 
org.apache.ibatis.logging.jdbc.BaseJdbcLogger ==>  Preparing: SELECT * FROM people LIMIT ?, ?  159 
org.apache.ibatis.logging.jdbc.BaseJdbcLogger ==> Parameters: 1(Integer), 1(Integer) 159 
org.apache.ibatis.logging.jdbc.BaseJdbcLogger <==      Total: 1 159 
org.apache.ibatis.logging.jdbc.BaseJdbcLogger ==>  Preparing: INSERT INTO people VALUES (DEFAULT, ?, ?)  159 
org.apache.ibatis.logging.jdbc.BaseJdbcLogger ==> Parameters: 刘志弦(String), 30(Integer) 159 
org.apache.ibatis.logging.jdbc.BaseJdbcLogger <==    Updates: 1 159 
org.apache.ibatis.logging.jdbc.BaseJdbcLogger ==>  Preparing: SELECT * FROM `people`  159 
org.apache.ibatis.logging.jdbc.BaseJdbcLogger ==> Parameters:  159 
org.apache.ibatis.logging.jdbc.BaseJdbcLogger <==      Total: 3 159 
