org.apache.ibatis.logging.jdbc.BaseJdbcLogger ==>  Preparing: SELECT * FROM `student` LIMIT ?, ?  159 
org.apache.ibatis.logging.jdbc.BaseJdbcLogger ==> Parameters: 0(Integer), 2(Integer) 159 
org.apache.ibatis.logging.jdbc.BaseJdbcLogger <==      Total: 2 159 
org.apache.ibatis.logging.jdbc.BaseJdbcLogger ==>  Preparing: SELECT * FROM `teacher` WHERE `id`=%{0}  159 
org.apache.ibatis.logging.jdbc.BaseJdbcLogger ==> Parameters:  159 
org.apache.ibatis.logging.jdbc.BaseJdbcLogger ==>  Preparing: SELECT * FROM `student` LIMIT ?, ?  159 
org.apache.ibatis.logging.jdbc.BaseJdbcLogger ==> Parameters: 0(Integer), 2(Integer) 159 
org.apache.ibatis.logging.jdbc.BaseJdbcLogger <==      Total: 2 159 
org.apache.ibatis.logging.jdbc.BaseJdbcLogger ==>  Preparing: SELECT * FROM `teacher` WHERE `id`=?  159 
org.apache.ibatis.logging.jdbc.BaseJdbcLogger ==> Parameters: 1(Integer) 159 
org.apache.ibatis.logging.jdbc.BaseJdbcLogger <==      Total: 1 159 
org.apache.ibatis.logging.jdbc.BaseJdbcLogger ==>  Preparing: SELECT COUNT(0) FROM `student`  159 
org.apache.ibatis.logging.jdbc.BaseJdbcLogger ==> Parameters:  159 
org.apache.ibatis.logging.jdbc.BaseJdbcLogger <==      Total: 1 159 
org.apache.ibatis.logging.jdbc.BaseJdbcLogger ==>  Preparing: SELECT * FROM `student` LIMIT ?, ?  159 
org.apache.ibatis.logging.jdbc.BaseJdbcLogger ==> Parameters: 0(Integer), 2(Integer) 159 
org.apache.ibatis.logging.jdbc.BaseJdbcLogger <==      Total: 2 159 
org.apache.ibatis.logging.jdbc.BaseJdbcLogger ==>  Preparing: SELECT * FROM `teacher` WHERE `id`=?  159 
org.apache.ibatis.logging.jdbc.BaseJdbcLogger ==> Parameters: 1(Integer) 159 
org.apache.ibatis.logging.jdbc.BaseJdbcLogger <==      Total: 1 159 
org.apache.ibatis.logging.jdbc.BaseJdbcLogger ==>  Preparing: SELECT COUNT(0) FROM `student`  159 
org.apache.ibatis.logging.jdbc.BaseJdbcLogger ==> Parameters:  159 
org.apache.ibatis.logging.jdbc.BaseJdbcLogger <==      Total: 1 159 
org.apache.ibatis.logging.jdbc.BaseJdbcLogger ==>  Preparing: SELECT * FROM `student` LIMIT ?, ?  159 
org.apache.ibatis.logging.jdbc.BaseJdbcLogger ==> Parameters: 0(Integer), 2(Integer) 159 
org.apache.ibatis.logging.jdbc.BaseJdbcLogger <==      Total: 2 159 
org.apache.ibatis.logging.jdbc.BaseJdbcLogger ==>  Preparing: SELECT * FROM `teacher` WHERE `id`=?  159 
org.apache.ibatis.logging.jdbc.BaseJdbcLogger ==> Parameters: 1(Integer) 159 
org.apache.ibatis.logging.jdbc.BaseJdbcLogger <==      Total: 1 159 
org.apache.ibatis.logging.jdbc.BaseJdbcLogger ==>  Preparing: SELECT COUNT(0) FROM `student`  159 
org.apache.ibatis.logging.jdbc.BaseJdbcLogger ==> Parameters:  159 
org.apache.ibatis.logging.jdbc.BaseJdbcLogger <==      Total: 1 159 
org.apache.ibatis.logging.jdbc.BaseJdbcLogger ==>  Preparing: SELECT * FROM `student` LIMIT ?, ?  159 
org.apache.ibatis.logging.jdbc.BaseJdbcLogger ==> Parameters: 0(Integer), 2(Integer) 159 
org.apache.ibatis.logging.jdbc.BaseJdbcLogger <==      Total: 2 159 
org.apache.ibatis.logging.jdbc.BaseJdbcLogger ==>  Preparing: SELECT * FROM `teacher` WHERE `id`=?  159 
org.apache.ibatis.logging.jdbc.BaseJdbcLogger ==> Parameters: 1(Integer) 159 
org.apache.ibatis.logging.jdbc.BaseJdbcLogger <==      Total: 1 159 
org.apache.ibatis.logging.jdbc.BaseJdbcLogger ==>  Preparing: SELECT COUNT(0) FROM `student`  159 
org.apache.ibatis.logging.jdbc.BaseJdbcLogger ==> Parameters:  159 
org.apache.ibatis.logging.jdbc.BaseJdbcLogger <==      Total: 1 159 
org.apache.ibatis.logging.jdbc.BaseJdbcLogger ==>  Preparing: SELECT * FROM `student` LIMIT ?, ?  159 
org.apache.ibatis.logging.jdbc.BaseJdbcLogger ==> Parameters: 0(Integer), 2(Integer) 159 
org.apache.ibatis.logging.jdbc.BaseJdbcLogger <==      Total: 2 159 
org.apache.ibatis.logging.jdbc.BaseJdbcLogger ==>  Preparing: SELECT * FROM `teacher` WHERE `id`=?  159 
org.apache.ibatis.logging.jdbc.BaseJdbcLogger ==> Parameters: 1(Integer) 159 
org.apache.ibatis.logging.jdbc.BaseJdbcLogger <==      Total: 1 159 
org.apache.ibatis.logging.jdbc.BaseJdbcLogger ==>  Preparing: SELECT COUNT(0) FROM `student`  159 
org.apache.ibatis.logging.jdbc.BaseJdbcLogger ==> Parameters:  159 
org.apache.ibatis.logging.jdbc.BaseJdbcLogger <==      Total: 1 159 
org.apache.ibatis.logging.jdbc.BaseJdbcLogger ==>  Preparing: SELECT * FROM `student` LIMIT ?, ?  159 
org.apache.ibatis.logging.jdbc.BaseJdbcLogger ==> Parameters: 0(Integer), 2(Integer) 159 
org.apache.ibatis.logging.jdbc.BaseJdbcLogger <==      Total: 2 159 
org.apache.ibatis.logging.jdbc.BaseJdbcLogger ==>  Preparing: SELECT * FROM `teacher` WHERE `id`=?  159 
org.apache.ibatis.logging.jdbc.BaseJdbcLogger ==> Parameters: 1(Integer) 159 
org.apache.ibatis.logging.jdbc.BaseJdbcLogger <==      Total: 1 159 
org.apache.ibatis.logging.jdbc.BaseJdbcLogger ==>  Preparing: SELECT COUNT(0) FROM `student`  159 
org.apache.ibatis.logging.jdbc.BaseJdbcLogger ==> Parameters:  159 
org.apache.ibatis.logging.jdbc.BaseJdbcLogger <==      Total: 1 159 
org.apache.ibatis.logging.jdbc.BaseJdbcLogger ==>  Preparing: SELECT * FROM `student` LIMIT ?, ?  159 
org.apache.ibatis.logging.jdbc.BaseJdbcLogger ==> Parameters: 0(Integer), 2(Integer) 159 
org.apache.ibatis.logging.jdbc.BaseJdbcLogger <==      Total: 2 159 
org.apache.ibatis.logging.jdbc.BaseJdbcLogger ==>  Preparing: SELECT * FROM `teacher` WHERE `id`=?  159 
org.apache.ibatis.logging.jdbc.BaseJdbcLogger ==> Parameters: 1(Integer) 159 
org.apache.ibatis.logging.jdbc.BaseJdbcLogger <==      Total: 1 159 
org.apache.ibatis.logging.jdbc.BaseJdbcLogger ==>  Preparing: SELECT COUNT(0) FROM `student`  159 
org.apache.ibatis.logging.jdbc.BaseJdbcLogger ==> Parameters:  159 
org.apache.ibatis.logging.jdbc.BaseJdbcLogger <==      Total: 1 159 
org.apache.ibatis.logging.jdbc.BaseJdbcLogger ==>  Preparing: SELECT * FROM `student` LIMIT ?, ?  159 
org.apache.ibatis.logging.jdbc.BaseJdbcLogger ==> Parameters: 0(Integer), 2(Integer) 159 
org.apache.ibatis.logging.jdbc.BaseJdbcLogger <==      Total: 2 159 
org.apache.ibatis.logging.jdbc.BaseJdbcLogger ==>  Preparing: SELECT * FROM `teacher` WHERE `id`=?  159 
org.apache.ibatis.logging.jdbc.BaseJdbcLogger ==> Parameters: 1(Integer) 159 
org.apache.ibatis.logging.jdbc.BaseJdbcLogger <==      Total: 1 159 
org.apache.ibatis.logging.jdbc.BaseJdbcLogger ==>  Preparing: SELECT COUNT(0) FROM `student`  159 
org.apache.ibatis.logging.jdbc.BaseJdbcLogger ==> Parameters:  159 
org.apache.ibatis.logging.jdbc.BaseJdbcLogger <==      Total: 1 159 
org.apache.ibatis.logging.jdbc.BaseJdbcLogger ==>  Preparing: SELECT * FROM `student` LIMIT ?, ?  159 
org.apache.ibatis.logging.jdbc.BaseJdbcLogger ==> Parameters: 0(Integer), 2(Integer) 159 
org.apache.ibatis.logging.jdbc.BaseJdbcLogger <==      Total: 2 159 
org.apache.ibatis.logging.jdbc.BaseJdbcLogger ==>  Preparing: SELECT * FROM `teacher` WHERE `id`=?  159 
org.apache.ibatis.logging.jdbc.BaseJdbcLogger ==> Parameters: 1(Integer) 159 
org.apache.ibatis.logging.jdbc.BaseJdbcLogger <==      Total: 1 159 
org.apache.ibatis.logging.jdbc.BaseJdbcLogger ==>  Preparing: SELECT COUNT(0) FROM `student`  159 
org.apache.ibatis.logging.jdbc.BaseJdbcLogger ==> Parameters:  159 
org.apache.ibatis.logging.jdbc.BaseJdbcLogger <==      Total: 1 159 
org.apache.ibatis.logging.jdbc.BaseJdbcLogger ==>  Preparing: SELECT * FROM `student` LIMIT ?, ?  159 
org.apache.ibatis.logging.jdbc.BaseJdbcLogger ==> Parameters: 0(Integer), 2(Integer) 159 
org.apache.ibatis.logging.jdbc.BaseJdbcLogger <==      Total: 2 159 
org.apache.ibatis.logging.jdbc.BaseJdbcLogger ==>  Preparing: SELECT * FROM `teacher` WHERE `id`=?  159 
org.apache.ibatis.logging.jdbc.BaseJdbcLogger ==> Parameters: 1(Integer) 159 
org.apache.ibatis.logging.jdbc.BaseJdbcLogger <==      Total: 1 159 
org.apache.ibatis.logging.jdbc.BaseJdbcLogger ==>  Preparing: SELECT COUNT(0) FROM `student`  159 
org.apache.ibatis.logging.jdbc.BaseJdbcLogger ==> Parameters:  159 
org.apache.ibatis.logging.jdbc.BaseJdbcLogger <==      Total: 1 159 
org.apache.ibatis.logging.jdbc.BaseJdbcLogger ==>  Preparing: SELECT * FROM `student` LIMIT ?, ?  159 
org.apache.ibatis.logging.jdbc.BaseJdbcLogger ==> Parameters: 0(Integer), 2(Integer) 159 
org.apache.ibatis.logging.jdbc.BaseJdbcLogger <==      Total: 2 159 
org.apache.ibatis.logging.jdbc.BaseJdbcLogger ==>  Preparing: SELECT * FROM `teacher` WHERE `id`=?  159 
org.apache.ibatis.logging.jdbc.BaseJdbcLogger ==> Parameters: 1(Integer) 159 
org.apache.ibatis.logging.jdbc.BaseJdbcLogger <==      Total: 1 159 
org.apache.ibatis.logging.jdbc.BaseJdbcLogger ==>  Preparing: SELECT COUNT(0) FROM `student`  159 
org.apache.ibatis.logging.jdbc.BaseJdbcLogger ==> Parameters:  159 
org.apache.ibatis.logging.jdbc.BaseJdbcLogger <==      Total: 1 159 
org.apache.ibatis.logging.jdbc.BaseJdbcLogger ==>  Preparing: SELECT * FROM `student` WHERE `tid` IN(SELECT `id` FROM `teache` WHERE `name` LIKE ?) LIMIT ?, ?  159 
org.apache.ibatis.logging.jdbc.BaseJdbcLogger ==> Parameters: %??2%(String), 0(Integer), 2(Integer) 159 
org.apache.ibatis.logging.jdbc.BaseJdbcLogger ==>  Preparing: SELECT * FROM `student` WHERE `tid` IN(SELECT `id` FROM `teache` WHERE `name` LIKE ?) LIMIT ?, ?  159 
org.apache.ibatis.logging.jdbc.BaseJdbcLogger ==> Parameters: %??2%(String), 0(Integer), 2(Integer) 159 
org.apache.ibatis.logging.jdbc.BaseJdbcLogger ==>  Preparing: SELECT * FROM `student` LIMIT ?, ?  159 
org.apache.ibatis.logging.jdbc.BaseJdbcLogger ==> Parameters: 0(Integer), 2(Integer) 159 
org.apache.ibatis.logging.jdbc.BaseJdbcLogger <==      Total: 2 159 
org.apache.ibatis.logging.jdbc.BaseJdbcLogger ==>  Preparing: SELECT * FROM `teacher` WHERE `id`=?  159 
org.apache.ibatis.logging.jdbc.BaseJdbcLogger ==> Parameters: 1(Integer) 159 
org.apache.ibatis.logging.jdbc.BaseJdbcLogger <==      Total: 1 159 
org.apache.ibatis.logging.jdbc.BaseJdbcLogger ==>  Preparing: SELECT COUNT(0) FROM `student`  159 
org.apache.ibatis.logging.jdbc.BaseJdbcLogger ==> Parameters:  159 
org.apache.ibatis.logging.jdbc.BaseJdbcLogger <==      Total: 1 159 
